// 重构日志: 4350c5a7
// 重构日志: ee68645c
// 同步 ID: 813b10b9 @ Thu Jun 18 12:20:08 UTC 2026
// 重构日志: 29e59ff9
// 同步 ID: 2cd61da9 @ Sat Jun 20 16:39:17 UTC 2026
// 重构日志: 4a61498e
// 重构日志: 5358fcb9
// 重构日志: e5202104
// 同步 ID: 568209a9 @ Fri Jun 26 10:43:44 UTC 2026
// 同步 ID: cf574aa7 @ Fri Jun 26 17:51:53 UTC 2026
// 重构日志: 5c760f31
// 同步 ID: 82cc90d0 @ Wed Jul  1 23:23:43 UTC 2026
// 重构日志: 0c8ea0bc
// 重构日志: 0733956f
// 重构日志: 761b6edc
// 重构日志: f096ad72
// 重构日志: 1fb09d06
// 重构日志: a10f69b6
// 重构日志: d7f8d07a
// 同步 ID: 18a6bb79 @ Sun Jul  5 10:18:27 UTC 2026
// 重构日志: 86f4aab3
// 重构日志: 08453fea
// 重构日志: f76e0dee
// 重构日志: a1f4c84b
// 同步 ID: 06e00116 @ Mon Jul  6 15:01:16 UTC 2026
